<?xml version="1.0" encoding="UTF-8"?>
<testsuite xmlns:xsi="http://www.w3.org/2001/XMLSchema-instance" xsi:noNamespaceSchemaLocation="https://maven.apache.org/surefire/maven-surefire-plugin/xsd/surefire-test-report.xsd" name="com.carl.springCloudTest.AppTest" time="0" tests="1" errors="0" skipped="0" failures="0">
  <properties>
    <property name="sun.desktop" value="windows"/>
    <property name="awt.toolkit" value="sun.awt.windows.WToolkit"/>
    <property name="file.encoding.pkg" value="sun.io"/>
    <property name="java.specification.version" value="1.8"/>
    <property name="sun.cpu.isalist" value="amd64"/>
    <property name="sun.jnu.encoding" value="GBK"/>
    <property name="java.class.path" value="D:\workspace\springTestWorkSpace\springCloudTest\target\test-classes;D:\workspace\springTestWorkSpace\springCloudTest\target\classes;E:\microsgitrepo\NewSystem\newSource\javamarketplace\cluster_home\junit\junit\3.8.1\junit-3.8.1.jar;E:\microsgitrepo\NewSystem\newSource\javamarketplace\cluster_home\org\springframework\boot\spring-boot-starter-web\2.0.1.RELEASE\spring-boot-starter-web-2.0.1.RELEASE.jar;E:\microsgitrepo\NewSystem\newSource\javamarketplace\cluster_home\org\springframework\boot\spring-boot-starter\2.0.1.RELEASE\spring-boot-starter-2.0.1.RELEASE.jar;E:\microsgitrepo\NewSystem\newSource\javamarketplace\cluster_home\org\springframework\boot\spring-boot\2.0.1.RELEASE\spring-boot-2.0.1.RELEASE.jar;E:\microsgitrepo\NewSystem\newSource\javamarketplace\cluster_home\org\springframework\boot\spring-boot-autoconfigure\2.0.1.RELEASE\spring-boot-autoconfigure-2.0.1.RELEASE.jar;E:\microsgitrepo\NewSystem\newSource\javamarketplace\cluster_home\javax\annotation\javax.annotation-api\1.3.2\javax.annotation-api-1.3.2.jar;E:\microsgitrepo\NewSystem\newSource\javamarketplace\cluster_home\org\springframework\spring-core\5.0.5.RELEASE\spring-core-5.0.5.RELEASE.jar;E:\microsgitrepo\NewSystem\newSource\javamarketplace\cluster_home\org\springframework\spring-jcl\5.0.5.RELEASE\spring-jcl-5.0.5.RELEASE.jar;E:\microsgitrepo\NewSystem\newSource\javamarketplace\cluster_home\org\yaml\snakeyaml\1.19\snakeyaml-1.19.jar;E:\microsgitrepo\NewSystem\newSource\javamarketplace\cluster_home\org\springframework\boot\spring-boot-starter-json\2.0.1.RELEASE\spring-boot-starter-json-2.0.1.RELEASE.jar;E:\microsgitrepo\NewSystem\newSource\javamarketplace\cluster_home\com\fasterxml\jackson\core\jackson-databind\2.9.5\jackson-databind-2.9.5.jar;E:\microsgitrepo\NewSystem\newSource\javamarketplace\cluster_home\com\fasterxml\jackson\core\jackson-annotations\2.9.0\jackson-annotations-2.9.0.jar;E:\microsgitrepo\NewSystem\newSource\javamarketplace\cluster_home\com\fasterxml\jackson\core\jackson-core\2.9.5\jackson-core-2.9.5.jar;E:\microsgitrepo\NewSystem\newSource\javamarketplace\cluster_home\com\fasterxml\jackson\datatype\jackson-datatype-jdk8\2.9.5\jackson-datatype-jdk8-2.9.5.jar;E:\microsgitrepo\NewSystem\newSource\javamarketplace\cluster_home\com\fasterxml\jackson\datatype\jackson-datatype-jsr310\2.9.5\jackson-datatype-jsr310-2.9.5.jar;E:\microsgitrepo\NewSystem\newSource\javamarketplace\cluster_home\com\fasterxml\jackson\module\jackson-module-parameter-names\2.9.5\jackson-module-parameter-names-2.9.5.jar;E:\microsgitrepo\NewSystem\newSource\javamarketplace\cluster_home\org\springframework\boot\spring-boot-starter-tomcat\2.0.1.RELEASE\spring-boot-starter-tomcat-2.0.1.RELEASE.jar;E:\microsgitrepo\NewSystem\newSource\javamarketplace\cluster_home\org\apache\tomcat\embed\tomcat-embed-core\8.5.29\tomcat-embed-core-8.5.29.jar;E:\microsgitrepo\NewSystem\newSource\javamarketplace\cluster_home\org\apache\tomcat\embed\tomcat-embed-el\8.5.29\tomcat-embed-el-8.5.29.jar;E:\microsgitrepo\NewSystem\newSource\javamarketplace\cluster_home\org\apache\tomcat\embed\tomcat-embed-websocket\8.5.29\tomcat-embed-websocket-8.5.29.jar;E:\microsgitrepo\NewSystem\newSource\javamarketplace\cluster_home\org\hibernate\validator\hibernate-validator\6.0.9.Final\hibernate-validator-6.0.9.Final.jar;E:\microsgitrepo\NewSystem\newSource\javamarketplace\cluster_home\javax\validation\validation-api\2.0.1.Final\validation-api-2.0.1.Final.jar;E:\microsgitrepo\NewSystem\newSource\javamarketplace\cluster_home\org\jboss\logging\jboss-logging\3.3.2.Final\jboss-logging-3.3.2.Final.jar;E:\microsgitrepo\NewSystem\newSource\javamarketplace\cluster_home\com\fasterxml\classmate\1.3.4\classmate-1.3.4.jar;E:\microsgitrepo\NewSystem\newSource\javamarketplace\cluster_home\org\springframework\spring-web\5.0.5.RELEASE\spring-web-5.0.5.RELEASE.jar;E:\microsgitrepo\NewSystem\newSource\javamarketplace\cluster_home\org\springframework\spring-beans\5.0.5.RELEASE\spring-beans-5.0.5.RELEASE.jar;E:\microsgitrepo\NewSystem\newSource\javamarketplace\cluster_home\org\springframework\spring-webmvc\5.0.5.RELEASE\spring-webmvc-5.0.5.RELEASE.jar;E:\microsgitrepo\NewSystem\newSource\javamarketplace\cluster_home\org\springframework\spring-aop\5.0.5.RELEASE\spring-aop-5.0.5.RELEASE.jar;E:\microsgitrepo\NewSystem\newSource\javamarketplace\cluster_home\org\springframework\spring-context\5.0.5.RELEASE\spring-context-5.0.5.RELEASE.jar;E:\microsgitrepo\NewSystem\newSource\javamarketplace\cluster_home\org\springframework\spring-expression\5.0.5.RELEASE\spring-expression-5.0.5.RELEASE.jar;E:\microsgitrepo\NewSystem\newSource\javamarketplace\cluster_home\org\springframework\boot\spring-boot-starter-log4j2\2.0.1.RELEASE\spring-boot-starter-log4j2-2.0.1.RELEASE.jar;E:\microsgitrepo\NewSystem\newSource\javamarketplace\cluster_home\org\apache\logging\log4j\log4j-slf4j-impl\2.10.0\log4j-slf4j-impl-2.10.0.jar;E:\microsgitrepo\NewSystem\newSource\javamarketplace\cluster_home\org\slf4j\slf4j-api\1.7.25\slf4j-api-1.7.25.jar;E:\microsgitrepo\NewSystem\newSource\javamarketplace\cluster_home\org\apache\logging\log4j\log4j-api\2.10.0\log4j-api-2.10.0.jar;E:\microsgitrepo\NewSystem\newSource\javamarketplace\cluster_home\org\apache\logging\log4j\log4j-core\2.10.0\log4j-core-2.10.0.jar;E:\microsgitrepo\NewSystem\newSource\javamarketplace\cluster_home\org\slf4j\jul-to-slf4j\1.7.25\jul-to-slf4j-1.7.25.jar;E:\microsgitrepo\NewSystem\newSource\javamarketplace\cluster_home\org\mybatis\spring\boot\mybatis-spring-boot-starter\1.1.1\mybatis-spring-boot-starter-1.1.1.jar;E:\microsgitrepo\NewSystem\newSource\javamarketplace\cluster_home\org\mybatis\spring\boot\mybatis-spring-boot-autoconfigure\1.1.1\mybatis-spring-boot-autoconfigure-1.1.1.jar;E:\microsgitrepo\NewSystem\newSource\javamarketplace\cluster_home\org\mybatis\mybatis\3.4.0\mybatis-3.4.0.jar;E:\microsgitrepo\NewSystem\newSource\javamarketplace\cluster_home\org\mybatis\mybatis-spring\1.3.0\mybatis-spring-1.3.0.jar;E:\microsgitrepo\NewSystem\newSource\javamarketplace\cluster_home\org\springframework\boot\spring-boot-starter-jdbc\2.0.1.RELEASE\spring-boot-starter-jdbc-2.0.1.RELEASE.jar;E:\microsgitrepo\NewSystem\newSource\javamarketplace\cluster_home\com\zaxxer\HikariCP\2.7.8\HikariCP-2.7.8.jar;E:\microsgitrepo\NewSystem\newSource\javamarketplace\cluster_home\org\springframework\spring-jdbc\5.0.5.RELEASE\spring-jdbc-5.0.5.RELEASE.jar;E:\microsgitrepo\NewSystem\newSource\javamarketplace\cluster_home\org\springframework\spring-tx\5.0.5.RELEASE\spring-tx-5.0.5.RELEASE.jar;E:\microsgitrepo\NewSystem\newSource\javamarketplace\cluster_home\mysql\mysql-connector-java\5.1.40\mysql-connector-java-5.1.40.jar;"/>
    <property name="java.vm.vendor" value="Oracle Corporation"/>
    <property name="sun.arch.data.model" value="64"/>
    <property name="user.variant" value=""/>
    <property name="java.vendor.url" value="http://java.oracle.com/"/>
    <property name="user.timezone" value=""/>
    <property name="user.country.format" value="SG"/>
    <property name="java.vm.specification.version" value="1.8"/>
    <property name="os.name" value="Windows 7"/>
    <property name="user.country" value="CN"/>
    <property name="sun.java.launcher" value="SUN_STANDARD"/>
    <property name="sun.boot.library.path" value="D:\Java\jdk1.8.0_144\jre\bin"/>
    <property name="sun.java.command" value="C:\Users\carl\AppData\Local\Temp\surefire1919605619877065060\surefirebooter1668255068713221086.jar C:\Users\carl\AppData\Local\Temp\surefire1919605619877065060 2020-03-19T17-14-23_462-jvmRun1 surefire2384611253818468975tmp surefire_01974507245131334578tmp"/>
    <property name="surefire.test.class.path" value="D:\workspace\springTestWorkSpace\springCloudTest\target\test-classes;D:\workspace\springTestWorkSpace\springCloudTest\target\classes;E:\microsgitrepo\NewSystem\newSource\javamarketplace\cluster_home\junit\junit\3.8.1\junit-3.8.1.jar;E:\microsgitrepo\NewSystem\newSource\javamarketplace\cluster_home\org\springframework\boot\spring-boot-starter-web\2.0.1.RELEASE\spring-boot-starter-web-2.0.1.RELEASE.jar;E:\microsgitrepo\NewSystem\newSource\javamarketplace\cluster_home\org\springframework\boot\spring-boot-starter\2.0.1.RELEASE\spring-boot-starter-2.0.1.RELEASE.jar;E:\microsgitrepo\NewSystem\newSource\javamarketplace\cluster_home\org\springframework\boot\spring-boot\2.0.1.RELEASE\spring-boot-2.0.1.RELEASE.jar;E:\microsgitrepo\NewSystem\newSource\javamarketplace\cluster_home\org\springframework\boot\spring-boot-autoconfigure\2.0.1.RELEASE\spring-boot-autoconfigure-2.0.1.RELEASE.jar;E:\microsgitrepo\NewSystem\newSource\javamarketplace\cluster_home\javax\annotation\javax.annotation-api\1.3.2\javax.annotation-api-1.3.2.jar;E:\microsgitrepo\NewSystem\newSource\javamarketplace\cluster_home\org\springframework\spring-core\5.0.5.RELEASE\spring-core-5.0.5.RELEASE.jar;E:\microsgitrepo\NewSystem\newSource\javamarketplace\cluster_home\org\springframework\spring-jcl\5.0.5.RELEASE\spring-jcl-5.0.5.RELEASE.jar;E:\microsgitrepo\NewSystem\newSource\javamarketplace\cluster_home\org\yaml\snakeyaml\1.19\snakeyaml-1.19.jar;E:\microsgitrepo\NewSystem\newSource\javamarketplace\cluster_home\org\springframework\boot\spring-boot-starter-json\2.0.1.RELEASE\spring-boot-starter-json-2.0.1.RELEASE.jar;E:\microsgitrepo\NewSystem\newSource\javamarketplace\cluster_home\com\fasterxml\jackson\core\jackson-databind\2.9.5\jackson-databind-2.9.5.jar;E:\microsgitrepo\NewSystem\newSource\javamarketplace\cluster_home\com\fasterxml\jackson\core\jackson-annotations\2.9.0\jackson-annotations-2.9.0.jar;E:\microsgitrepo\NewSystem\newSource\javamarketplace\cluster_home\com\fasterxml\jackson\core\jackson-core\2.9.5\jackson-core-2.9.5.jar;E:\microsgitrepo\NewSystem\newSource\javamarketplace\cluster_home\com\fasterxml\jackson\datatype\jackson-datatype-jdk8\2.9.5\jackson-datatype-jdk8-2.9.5.jar;E:\microsgitrepo\NewSystem\newSource\javamarketplace\cluster_home\com\fasterxml\jackson\datatype\jackson-datatype-jsr310\2.9.5\jackson-datatype-jsr310-2.9.5.jar;E:\microsgitrepo\NewSystem\newSource\javamarketplace\cluster_home\com\fasterxml\jackson\module\jackson-module-parameter-names\2.9.5\jackson-module-parameter-names-2.9.5.jar;E:\microsgitrepo\NewSystem\newSource\javamarketplace\cluster_home\org\springframework\boot\spring-boot-starter-tomcat\2.0.1.RELEASE\spring-boot-starter-tomcat-2.0.1.RELEASE.jar;E:\microsgitrepo\NewSystem\newSource\javamarketplace\cluster_home\org\apache\tomcat\embed\tomcat-embed-core\8.5.29\tomcat-embed-core-8.5.29.jar;E:\microsgitrepo\NewSystem\newSource\javamarketplace\cluster_home\org\apache\tomcat\embed\tomcat-embed-el\8.5.29\tomcat-embed-el-8.5.29.jar;E:\microsgitrepo\NewSystem\newSource\javamarketplace\cluster_home\org\apache\tomcat\embed\tomcat-embed-websocket\8.5.29\tomcat-embed-websocket-8.5.29.jar;E:\microsgitrepo\NewSystem\newSource\javamarketplace\cluster_home\org\hibernate\validator\hibernate-validator\6.0.9.Final\hibernate-validator-6.0.9.Final.jar;E:\microsgitrepo\NewSystem\newSource\javamarketplace\cluster_home\javax\validation\validation-api\2.0.1.Final\validation-api-2.0.1.Final.jar;E:\microsgitrepo\NewSystem\newSource\javamarketplace\cluster_home\org\jboss\logging\jboss-logging\3.3.2.Final\jboss-logging-3.3.2.Final.jar;E:\microsgitrepo\NewSystem\newSource\javamarketplace\cluster_home\com\fasterxml\classmate\1.3.4\classmate-1.3.4.jar;E:\microsgitrepo\NewSystem\newSource\javamarketplace\cluster_home\org\springframework\spring-web\5.0.5.RELEASE\spring-web-5.0.5.RELEASE.jar;E:\microsgitrepo\NewSystem\newSource\javamarketplace\cluster_home\org\springframework\spring-beans\5.0.5.RELEASE\spring-beans-5.0.5.RELEASE.jar;E:\microsgitrepo\NewSystem\newSource\javamarketplace\cluster_home\org\springframework\spring-webmvc\5.0.5.RELEASE\spring-webmvc-5.0.5.RELEASE.jar;E:\microsgitrepo\NewSystem\newSource\javamarketplace\cluster_home\org\springframework\spring-aop\5.0.5.RELEASE\spring-aop-5.0.5.RELEASE.jar;E:\microsgitrepo\NewSystem\newSource\javamarketplace\cluster_home\org\springframework\spring-context\5.0.5.RELEASE\spring-context-5.0.5.RELEASE.jar;E:\microsgitrepo\NewSystem\newSource\javamarketplace\cluster_home\org\springframework\spring-expression\5.0.5.RELEASE\spring-expression-5.0.5.RELEASE.jar;E:\microsgitrepo\NewSystem\newSource\javamarketplace\cluster_home\org\springframework\boot\spring-boot-starter-log4j2\2.0.1.RELEASE\spring-boot-starter-log4j2-2.0.1.RELEASE.jar;E:\microsgitrepo\NewSystem\newSource\javamarketplace\cluster_home\org\apache\logging\log4j\log4j-slf4j-impl\2.10.0\log4j-slf4j-impl-2.10.0.jar;E:\microsgitrepo\NewSystem\newSource\javamarketplace\cluster_home\org\slf4j\slf4j-api\1.7.25\slf4j-api-1.7.25.jar;E:\microsgitrepo\NewSystem\newSource\javamarketplace\cluster_home\org\apache\logging\log4j\log4j-api\2.10.0\log4j-api-2.10.0.jar;E:\microsgitrepo\NewSystem\newSource\javamarketplace\cluster_home\org\apache\logging\log4j\log4j-core\2.10.0\log4j-core-2.10.0.jar;E:\microsgitrepo\NewSystem\newSource\javamarketplace\cluster_home\org\slf4j\jul-to-slf4j\1.7.25\jul-to-slf4j-1.7.25.jar;E:\microsgitrepo\NewSystem\newSource\javamarketplace\cluster_home\org\mybatis\spring\boot\mybatis-spring-boot-starter\1.1.1\mybatis-spring-boot-starter-1.1.1.jar;E:\microsgitrepo\NewSystem\newSource\javamarketplace\cluster_home\org\mybatis\spring\boot\mybatis-spring-boot-autoconfigure\1.1.1\mybatis-spring-boot-autoconfigure-1.1.1.jar;E:\microsgitrepo\NewSystem\newSource\javamarketplace\cluster_home\org\mybatis\mybatis\3.4.0\mybatis-3.4.0.jar;E:\microsgitrepo\NewSystem\newSource\javamarketplace\cluster_home\org\mybatis\mybatis-spring\1.3.0\mybatis-spring-1.3.0.jar;E:\microsgitrepo\NewSystem\newSource\javamarketplace\cluster_home\org\springframework\boot\spring-boot-starter-jdbc\2.0.1.RELEASE\spring-boot-starter-jdbc-2.0.1.RELEASE.jar;E:\microsgitrepo\NewSystem\newSource\javamarketplace\cluster_home\com\zaxxer\HikariCP\2.7.8\HikariCP-2.7.8.jar;E:\microsgitrepo\NewSystem\newSource\javamarketplace\cluster_home\org\springframework\spring-jdbc\5.0.5.RELEASE\spring-jdbc-5.0.5.RELEASE.jar;E:\microsgitrepo\NewSystem\newSource\javamarketplace\cluster_home\org\springframework\spring-tx\5.0.5.RELEASE\spring-tx-5.0.5.RELEASE.jar;E:\microsgitrepo\NewSystem\newSource\javamarketplace\cluster_home\mysql\mysql-connector-java\5.1.40\mysql-connector-java-5.1.40.jar;"/>
    <property name="sun.cpu.endian" value="little"/>
    <property name="user.home" value="C:\Users\carl"/>
    <property name="user.language" value="zh"/>
    <property name="java.specification.vendor" value="Oracle Corporation"/>
    <property name="java.home" value="D:\Java\jdk1.8.0_144\jre"/>
    <property name="basedir" value="D:\workspace\springTestWorkSpace\springCloudTest"/>
    <property name="file.separator" value="\"/>
    <property name="line.separator" value="&#10;"/>
    <property name="java.vm.specification.vendor" value="Oracle Corporation"/>
    <property name="java.specification.name" value="Java Platform API Specification"/>
    <property name="java.awt.graphicsenv" value="sun.awt.Win32GraphicsEnvironment"/>
    <property name="surefire.real.class.path" value="C:\Users\carl\AppData\Local\Temp\surefire1919605619877065060\surefirebooter1668255068713221086.jar"/>
    <property name="sun.boot.class.path" value="D:\Java\jdk1.8.0_144\jre\lib\resources.jar;D:\Java\jdk1.8.0_144\jre\lib\rt.jar;D:\Java\jdk1.8.0_144\jre\lib\sunrsasign.jar;D:\Java\jdk1.8.0_144\jre\lib\jsse.jar;D:\Java\jdk1.8.0_144\jre\lib\jce.jar;D:\Java\jdk1.8.0_144\jre\lib\charsets.jar;D:\Java\jdk1.8.0_144\jre\lib\jfr.jar;D:\Java\jdk1.8.0_144\jre\classes"/>
    <property name="user.script" value=""/>
    <property name="sun.management.compiler" value="HotSpot 64-Bit Tiered Compilers"/>
    <property name="java.runtime.version" value="1.8.0_144-b01"/>
    <property name="user.name" value="carl"/>
    <property name="path.separator" value=";"/>
    <property name="os.version" value="6.1"/>
    <property name="java.endorsed.dirs" value="D:\Java\jdk1.8.0_144\jre\lib\endorsed"/>
    <property name="java.runtime.name" value="Java(TM) SE Runtime Environment"/>
    <property name="file.encoding" value="GBK"/>
    <property name="java.vm.name" value="Java HotSpot(TM) 64-Bit Server VM"/>
    <property name="localRepository" value="E:\microsgitrepo\NewSystem\newSource\javamarketplace\cluster_home"/>
    <property name="java.vendor.url.bug" value="http://bugreport.sun.com/bugreport/"/>
    <property name="java.io.tmpdir" value="C:\Users\carl\AppData\Local\Temp\"/>
    <property name="java.version" value="1.8.0_144"/>
    <property name="user.dir" value="D:\workspace\springTestWorkSpace\springCloudTest"/>
    <property name="os.arch" value="amd64"/>
    <property name="java.vm.specification.name" value="Java Virtual Machine Specification"/>
    <property name="java.awt.printerjob" value="sun.awt.windows.WPrinterJob"/>
    <property name="user.language.format" value="en"/>
    <property name="sun.os.patch.level" value=""/>
    <property name="java.library.path" value="D:\Java\jdk1.8.0_144\jre\bin;C:\Windows\Sun\Java\bin;C:\Windows\system32;C:\Windows;D:/Java/jre8/bin/server;D:/Java/jre8/bin;D:/Java/jre8/lib/amd64;C:\ProgramData\Oracle\Java\javapath;C:\Windows\system32;C:\Windows;C:\Windows\system32\wbem;E:\Program Files (x86)\VisualSVN Server\bin;E:\Program Files (x86)\tortoiseSVN\bin;D:\Program Files\TortoiseGit\bin;;D:\Java\jdk7_64\bin;D:\Java\jdk7_64\jre\bin;E:\microsgitrepo\NewSystem\newSource\javamarketplace\apache-maven-3.3.9\bin;C:\Program Files (x86)\Skype\Phone\E:\MySQL\MySQL Server 5.6\bin;E:\MySQL\MySQL Server 5.6\bin;C:\Program Files (x86)\MySQL\MySQL Server 5.6\bin;C:\Program Files (x86)\Skype\Phone\C:\Program Files\MySQL\MySQL Server 5.6\bin;C:\Program Files\MySQL\MySQL Server 5.6\bin;D:\Program Files (x86)\GNU\GnuPG\pub;C:\Program Files (x86)\Skype\Phone\;E:\microsgitrepo\NewSystem\accountweb\newAccountWeb\gwt-2.8.1;E:\microsgitrepo\NewSystem\cacheFramework\Amazon\AWSCLI\;C:\Program Files\nodejs\;C:\Program Files\Microsoft\Web Platform Installer\;C:\Program Files (x86)\Microsoft ASP.NET\ASP.NET Web Pages\v1.0\;C:\Program Files (x86)\Windows Kits\8.0\Windows Performance Toolkit\;C:\Program Files\Microsoft SQL Server\110\Tools\Binn\;D:\Program Files (x86)\SSH Communications Security\SSH Secure Shell;C:\Users\carl\AppData\Roaming\npm;E:\neweclipse\eclipse\java-oxygen\eclipse;;."/>
    <property name="java.vm.info" value="mixed mode"/>
    <property name="java.vendor" value="Oracle Corporation"/>
    <property name="java.vm.version" value="25.144-b01"/>
    <property name="java.ext.dirs" value="D:\Java\jdk1.8.0_144\jre\lib\ext;C:\Windows\Sun\Java\lib\ext"/>
    <property name="sun.io.unicode.encoding" value="UnicodeLittle"/>
    <property name="java.class.version" value="52.0"/>
  </properties>
  <testcase name="testApp" classname="com.carl.springCloudTest.AppTest" time="0"/>
</testsuite>